<?xml version="1.0" encoding="UTF-8"?>
<!-- Generated by org.testng.reporters.JUnitReportReporter -->
<testsuite hostname="chenththuran" failures="0" tests="3" name="com.rest.examples.DynamicJson" time="5.059" errors="0" timestamp="2024-05-16T23:28:37 BST" skipped="0">
  <testcase classname="com.rest.examples.DynamicJson" name="addBook" time="0.950"/>
  <system-out/>
  <testcase classname="com.rest.examples.DynamicJson" name="addBook" time="0.811"/>
  <system-out/>
  <testcase classname="com.rest.examples.DynamicJson" name="addBook" time="3.298"/>
  <system-out/>
</testsuite> <!-- com.rest.examples.DynamicJson -->
